# This is the CMakeCache file.
# For build in directory: /home/ekara1/DynaPlexPrivate/out/LinPB
# It was generated by CMake: /gpfs/admin/_hpc/sw/arch/AMD-ZEN2/RHEL9/EB_production/2024/software/CMake/3.29.3-GCCcore-13.3.0/bin/cmake
# You can edit this file to change values found and used by cmake.
# If you do not want to change any of the values, simply exit the editor.
# If you do want to change a value, simply edit, save, and exit the editor.
# The syntax for the file is as follows:
# KEY:TYPE=VALUE
# KEY is the name of a variable in the cache.
# TYPE is a hint to GUIs for the type of VALUE, DO NOT EDIT TYPE!.
# VALUE is the current value for the KEY.

########################
# EXTERNAL cache entries
########################

//Path to a program.
CMAKE_ADDR2LINE:FILEPATH=/sw/arch/RHEL9/EB_production/2024/software/binutils/2.42-GCCcore-13.3.0/bin/addr2line

//Path to a program.
CMAKE_AR:FILEPATH=/sw/arch/RHEL9/EB_production/2024/software/binutils/2.42-GCCcore-13.3.0/bin/ar

//Choose the type of build, options are: None Debug Release RelWithDebInfo
// MinSizeRel ...
CMAKE_BUILD_TYPE:STRING=Release

//Enable/Disable color output during build.
CMAKE_COLOR_MAKEFILE:BOOL=ON

//CXX compiler
CMAKE_CXX_COMPILER:FILEPATH=/sw/arch/RHEL9/EB_production/2024/software/GCCcore/13.3.0/bin/c++

//A wrapper around 'ar' adding the appropriate '--plugin' option
// for the GCC compiler
CMAKE_CXX_COMPILER_AR:FILEPATH=/sw/arch/RHEL9/EB_production/2024/software/GCCcore/13.3.0/bin/gcc-ar

//A wrapper around 'ranlib' adding the appropriate '--plugin' option
// for the GCC compiler
CMAKE_CXX_COMPILER_RANLIB:FILEPATH=/sw/arch/RHEL9/EB_production/2024/software/GCCcore/13.3.0/bin/gcc-ranlib

//Flags used by the CXX compiler during all build types.
CMAKE_CXX_FLAGS:STRING=

//Flags used by the CXX compiler during DEBUG builds.
CMAKE_CXX_FLAGS_DEBUG:STRING=-g

//Flags used by the CXX compiler during MINSIZEREL builds.
CMAKE_CXX_FLAGS_MINSIZEREL:STRING=-Os -DNDEBUG

//Flags used by the CXX compiler during RELEASE builds.
CMAKE_CXX_FLAGS_RELEASE:STRING=-O3 -DNDEBUG

//Flags used by the CXX compiler during RELWITHDEBINFO builds.
CMAKE_CXX_FLAGS_RELWITHDEBINFO:STRING=-O2 -g -DNDEBUG

//Path to a program.
CMAKE_DLLTOOL:FILEPATH=CMAKE_DLLTOOL-NOTFOUND

//Flags used by the linker during all build types.
CMAKE_EXE_LINKER_FLAGS:STRING=

//Flags used by the linker during DEBUG builds.
CMAKE_EXE_LINKER_FLAGS_DEBUG:STRING=

//Flags used by the linker during MINSIZEREL builds.
CMAKE_EXE_LINKER_FLAGS_MINSIZEREL:STRING=

//Flags used by the linker during RELEASE builds.
CMAKE_EXE_LINKER_FLAGS_RELEASE:STRING=

//Flags used by the linker during RELWITHDEBINFO builds.
CMAKE_EXE_LINKER_FLAGS_RELWITHDEBINFO:STRING=

//Enable/Disable output of compile commands during generation.
CMAKE_EXPORT_COMPILE_COMMANDS:BOOL=

//Value Computed by CMake.
CMAKE_FIND_PACKAGE_REDIRECTS_DIR:STATIC=/home/ekara1/DynaPlexPrivate/out/LinPB/CMakeFiles/pkgRedirects

//User executables (bin)
CMAKE_INSTALL_BINDIR:PATH=bin

//Read-only architecture-independent data (DATAROOTDIR)
CMAKE_INSTALL_DATADIR:PATH=

//Read-only architecture-independent data root (share)
CMAKE_INSTALL_DATAROOTDIR:PATH=share

//Documentation root (DATAROOTDIR/doc/PROJECT_NAME)
CMAKE_INSTALL_DOCDIR:PATH=

//C header files (include)
CMAKE_INSTALL_INCLUDEDIR:PATH=include

//Info documentation (DATAROOTDIR/info)
CMAKE_INSTALL_INFODIR:PATH=

//Object code libraries (lib64)
CMAKE_INSTALL_LIBDIR:PATH=lib64

//Program executables (libexec)
CMAKE_INSTALL_LIBEXECDIR:PATH=libexec

//Locale-dependent data (DATAROOTDIR/locale)
CMAKE_INSTALL_LOCALEDIR:PATH=

//Modifiable single-machine data (var)
CMAKE_INSTALL_LOCALSTATEDIR:PATH=var

//Man documentation (DATAROOTDIR/man)
CMAKE_INSTALL_MANDIR:PATH=

//C header files for non-gcc (/usr/include)
CMAKE_INSTALL_OLDINCLUDEDIR:PATH=/usr/include

//Install path prefix, prepended onto install directories.
CMAKE_INSTALL_PREFIX:PATH=/usr/local

//Run-time variable data (LOCALSTATEDIR/run)
CMAKE_INSTALL_RUNSTATEDIR:PATH=

//System admin executables (sbin)
CMAKE_INSTALL_SBINDIR:PATH=sbin

//Modifiable architecture-independent data (com)
CMAKE_INSTALL_SHAREDSTATEDIR:PATH=com

//Read-only single-machine data (etc)
CMAKE_INSTALL_SYSCONFDIR:PATH=etc

//Path to a program.
CMAKE_LINKER:FILEPATH=/sw/arch/RHEL9/EB_production/2024/software/binutils/2.42-GCCcore-13.3.0/bin/ld

//Path to a program.
CMAKE_MAKE_PROGRAM:FILEPATH=/usr/bin/gmake

//Flags used by the linker during the creation of modules during
// all build types.
CMAKE_MODULE_LINKER_FLAGS:STRING=

//Flags used by the linker during the creation of modules during
// DEBUG builds.
CMAKE_MODULE_LINKER_FLAGS_DEBUG:STRING=

//Flags used by the linker during the creation of modules during
// MINSIZEREL builds.
CMAKE_MODULE_LINKER_FLAGS_MINSIZEREL:STRING=

//Flags used by the linker during the creation of modules during
// RELEASE builds.
CMAKE_MODULE_LINKER_FLAGS_RELEASE:STRING=

//Flags used by the linker during the creation of modules during
// RELWITHDEBINFO builds.
CMAKE_MODULE_LINKER_FLAGS_RELWITHDEBINFO:STRING=

//Path to a program.
CMAKE_NM:FILEPATH=/sw/arch/RHEL9/EB_production/2024/software/binutils/2.42-GCCcore-13.3.0/bin/nm

//Path to a program.
CMAKE_OBJCOPY:FILEPATH=/sw/arch/RHEL9/EB_production/2024/software/binutils/2.42-GCCcore-13.3.0/bin/objcopy

//Path to a program.
CMAKE_OBJDUMP:FILEPATH=/sw/arch/RHEL9/EB_production/2024/software/binutils/2.42-GCCcore-13.3.0/bin/objdump

//Value Computed by CMake
CMAKE_PROJECT_DESCRIPTION:STATIC=

//Value Computed by CMake
CMAKE_PROJECT_HOMEPAGE_URL:STATIC=

//Value Computed by CMake
CMAKE_PROJECT_NAME:STATIC=DynaPlexSuite

//Path to a program.
CMAKE_RANLIB:FILEPATH=/sw/arch/RHEL9/EB_production/2024/software/binutils/2.42-GCCcore-13.3.0/bin/ranlib

//Path to a program.
CMAKE_READELF:FILEPATH=/sw/arch/RHEL9/EB_production/2024/software/binutils/2.42-GCCcore-13.3.0/bin/readelf

//Flags used by the linker during the creation of shared libraries
// during all build types.
CMAKE_SHARED_LINKER_FLAGS:STRING=

//Flags used by the linker during the creation of shared libraries
// during DEBUG builds.
CMAKE_SHARED_LINKER_FLAGS_DEBUG:STRING=

//Flags used by the linker during the creation of shared libraries
// during MINSIZEREL builds.
CMAKE_SHARED_LINKER_FLAGS_MINSIZEREL:STRING=

//Flags used by the linker during the creation of shared libraries
// during RELEASE builds.
CMAKE_SHARED_LINKER_FLAGS_RELEASE:STRING=

//Flags used by the linker during the creation of shared libraries
// during RELWITHDEBINFO builds.
CMAKE_SHARED_LINKER_FLAGS_RELWITHDEBINFO:STRING=

//If set, runtime paths are not added when installing shared libraries,
// but are added when building.
CMAKE_SKIP_INSTALL_RPATH:BOOL=NO

//If set, runtime paths are not added when using shared libraries.
CMAKE_SKIP_RPATH:BOOL=NO

//Flags used by the linker during the creation of static libraries
// during all build types.
CMAKE_STATIC_LINKER_FLAGS:STRING=

//Flags used by the linker during the creation of static libraries
// during DEBUG builds.
CMAKE_STATIC_LINKER_FLAGS_DEBUG:STRING=

//Flags used by the linker during the creation of static libraries
// during MINSIZEREL builds.
CMAKE_STATIC_LINKER_FLAGS_MINSIZEREL:STRING=

//Flags used by the linker during the creation of static libraries
// during RELEASE builds.
CMAKE_STATIC_LINKER_FLAGS_RELEASE:STRING=

//Flags used by the linker during the creation of static libraries
// during RELWITHDEBINFO builds.
CMAKE_STATIC_LINKER_FLAGS_RELWITHDEBINFO:STRING=

//Path to a program.
CMAKE_STRIP:FILEPATH=/sw/arch/RHEL9/EB_production/2024/software/binutils/2.42-GCCcore-13.3.0/bin/strip

//Path to a program.
CMAKE_TAPI:FILEPATH=CMAKE_TAPI-NOTFOUND

//If this value is on, makefiles will be generated without the
// .SILENT directive, and all commands will be echoed to the console
// during the make.  This is useful for debugging only. With Visual
// Studio IDE projects all commands are done without /nologo.
CMAKE_VERBOSE_MAKEFILE:BOOL=FALSE

//The directory containing a CMake configuration file for Caffe2.
Caffe2_DIR:PATH=/home/ekara1/anaconda3/envs/envDP/share/cmake/Caffe2

//No help, variable specified on the command line.
DYNAPLEX_IO_ROOT_DIR:UNINITIALIZED=/gpfs/home1/ekara1/DynaPlexTest

//Value Computed by CMake
DynaPlexSuite_BINARY_DIR:STATIC=/home/ekara1/DynaPlexPrivate/out/LinPB

//Value Computed by CMake
DynaPlexSuite_IS_TOP_LEVEL:STATIC=ON

//Value Computed by CMake
DynaPlexSuite_SOURCE_DIR:STATIC=/home/ekara1/DynaPlexPrivate

//Path to a library.
GUROBI_CXX_LIBRARY:FILEPATH=/sw/arch/RHEL9/EB_production/2024/software/Gurobi/12.0.1-GCCcore-13.3.0/lib/libgurobi_c++.a

//gurobi path
GUROBI_DIR:STRING=

//Path to a file.
GUROBI_INCLUDE_DIRS:PATH=/sw/arch/RHEL9/EB_production/2024/software/Gurobi/12.0.1-GCCcore-13.3.0/include

//Path to a library.
GUROBI_LIBRARY:FILEPATH=/sw/arch/RHEL9/EB_production/2024/software/Gurobi/12.0.1-GCCcore-13.3.0/lib/libgurobi120.so

//The directory containing a CMake configuration file for MKLDNN.
MKLDNN_DIR:PATH=MKLDNN_DIR-NOTFOUND

//The directory containing a CMake configuration file for MKL.
MKL_DIR:PATH=MKL_DIR-NOTFOUND

//The directory containing a CMake configuration file for Protobuf.
Protobuf_DIR:PATH=/home/ekara1/anaconda3/envs/envDP/lib/cmake/protobuf

//Path to a program.
Python_EXECUTABLE:FILEPATH=/home/ekara1/anaconda3/envs/envDP/bin/python

//Path to a library.
TORCH_LIBRARY:FILEPATH=/home/ekara1/anaconda3/envs/envDP/lib/python3.11/site-packages/torch/lib/libtorch.so

//The directory containing a CMake configuration file for Torch.
Torch_DIR:PATH=/home/ekara1/anaconda3/envs/envDP/lib/python3.11/site-packages/torch/share/cmake/Torch

//Path to a file.
ZLIB_INCLUDE_DIR:PATH=/sw/arch/RHEL9/EB_production/2024/software/zlib/1.3.1-GCCcore-13.3.0/include

//Path to a library.
ZLIB_LIBRARY_DEBUG:FILEPATH=ZLIB_LIBRARY_DEBUG-NOTFOUND

//Path to a library.
ZLIB_LIBRARY_RELEASE:FILEPATH=/sw/arch/RHEL9/EB_production/2024/software/zlib/1.3.1-GCCcore-13.3.0/lib/libz.so

//The directory containing a CMake configuration file for absl.
absl_DIR:PATH=/home/ekara1/anaconda3/envs/envDP/lib/cmake/absl

//Path to a library.
c10_LIBRARY:FILEPATH=/home/ekara1/anaconda3/envs/envDP/lib/python3.11/site-packages/torch/lib/libc10.so

//No help, variable specified on the command line.
dynaplex_all_warnings:BOOL=FALSE

//No help, variable specified on the command line.
dynaplex_enable_gurobi:BOOL=TRUE

//No help, variable specified on the command line.
dynaplex_enable_pythonbindings:BOOL=TRUE

//No help, variable specified on the command line.
dynaplex_enable_pytorch:BOOL=TRUE

//No help, variable specified on the command line.
dynaplex_gurobi_path:UNINITIALIZED=

//No help, variable specified on the command line.
dynaplex_pybind_path:UNINITIALIZED=/gpfs/home1/ekara1/anaconda3/envs/envDP/lib/python3.11/site-packages/pybind11/share/cmake/pybind11

//No help, variable specified on the command line.
dynaplex_python_path:UNINITIALIZED=/gpfs/home1/ekara1/anaconda3/envs/envDP

//No help, variable specified on the command line.
dynaplex_pytorch_path:UNINITIALIZED=/gpfs/home1/ekara1/anaconda3/envs/envDP/lib/python3.11/site-packages/torch/share/cmake/Torch

//CMake built-in FindProtobuf.cmake module compatible
protobuf_MODULE_COMPATIBLE:BOOL=OFF

//Enable for verbose output
protobuf_VERBOSE:BOOL=OFF

//The directory containing a CMake configuration file for pybind11.
pybind11_DIR:PATH=/home/ekara1/anaconda3/envs/envDP/lib/python3.11/site-packages/pybind11/share/cmake/pybind11

//The directory containing a CMake configuration file for utf8_range.
utf8_range_DIR:PATH=/home/ekara1/anaconda3/envs/envDP/lib/cmake/utf8_range


########################
# INTERNAL cache entries
########################

//ADVANCED property for variable: CMAKE_ADDR2LINE
CMAKE_ADDR2LINE-ADVANCED:INTERNAL=1
//ADVANCED property for variable: CMAKE_AR
CMAKE_AR-ADVANCED:INTERNAL=1
//This is the directory where this CMakeCache.txt was created
CMAKE_CACHEFILE_DIR:INTERNAL=/home/ekara1/DynaPlexPrivate/out/LinPB
//Major version of cmake used to create the current loaded cache
CMAKE_CACHE_MAJOR_VERSION:INTERNAL=3
//Minor version of cmake used to create the current loaded cache
CMAKE_CACHE_MINOR_VERSION:INTERNAL=29
//Patch version of cmake used to create the current loaded cache
CMAKE_CACHE_PATCH_VERSION:INTERNAL=3
//ADVANCED property for variable: CMAKE_COLOR_MAKEFILE
CMAKE_COLOR_MAKEFILE-ADVANCED:INTERNAL=1
//Path to CMake executable.
CMAKE_COMMAND:INTERNAL=/gpfs/admin/_hpc/sw/arch/AMD-ZEN2/RHEL9/EB_production/2024/software/CMake/3.29.3-GCCcore-13.3.0/bin/cmake
//Path to cpack program executable.
CMAKE_CPACK_COMMAND:INTERNAL=/gpfs/admin/_hpc/sw/arch/AMD-ZEN2/RHEL9/EB_production/2024/software/CMake/3.29.3-GCCcore-13.3.0/bin/cpack
//Path to ctest program executable.
CMAKE_CTEST_COMMAND:INTERNAL=/gpfs/admin/_hpc/sw/arch/AMD-ZEN2/RHEL9/EB_production/2024/software/CMake/3.29.3-GCCcore-13.3.0/bin/ctest
//ADVANCED property for variable: CMAKE_CXX_COMPILER
CMAKE_CXX_COMPILER-ADVANCED:INTERNAL=1
//ADVANCED property for variable: CMAKE_CXX_COMPILER_AR
CMAKE_CXX_COMPILER_AR-ADVANCED:INTERNAL=1
//ADVANCED property for variable: CMAKE_CXX_COMPILER_RANLIB
CMAKE_CXX_COMPILER_RANLIB-ADVANCED:INTERNAL=1
//ADVANCED property for variable: CMAKE_CXX_FLAGS
CMAKE_CXX_FLAGS-ADVANCED:INTERNAL=1
//ADVANCED property for variable: CMAKE_CXX_FLAGS_DEBUG
CMAKE_CXX_FLAGS_DEBUG-ADVANCED:INTERNAL=1
//ADVANCED property for variable: CMAKE_CXX_FLAGS_MINSIZEREL
CMAKE_CXX_FLAGS_MINSIZEREL-ADVANCED:INTERNAL=1
//ADVANCED property for variable: CMAKE_CXX_FLAGS_RELEASE
CMAKE_CXX_FLAGS_RELEASE-ADVANCED:INTERNAL=1
//ADVANCED property for variable: CMAKE_CXX_FLAGS_RELWITHDEBINFO
CMAKE_CXX_FLAGS_RELWITHDEBINFO-ADVANCED:INTERNAL=1
//ADVANCED property for variable: CMAKE_DLLTOOL
CMAKE_DLLTOOL-ADVANCED:INTERNAL=1
//Path to cache edit program executable.
CMAKE_EDIT_COMMAND:INTERNAL=/gpfs/admin/_hpc/sw/arch/AMD-ZEN2/RHEL9/EB_production/2024/software/CMake/3.29.3-GCCcore-13.3.0/bin/ccmake
//Executable file format
CMAKE_EXECUTABLE_FORMAT:INTERNAL=ELF
//ADVANCED property for variable: CMAKE_EXE_LINKER_FLAGS
CMAKE_EXE_LINKER_FLAGS-ADVANCED:INTERNAL=1
//ADVANCED property for variable: CMAKE_EXE_LINKER_FLAGS_DEBUG
CMAKE_EXE_LINKER_FLAGS_DEBUG-ADVANCED:INTERNAL=1
//ADVANCED property for variable: CMAKE_EXE_LINKER_FLAGS_MINSIZEREL
CMAKE_EXE_LINKER_FLAGS_MINSIZEREL-ADVANCED:INTERNAL=1
//ADVANCED property for variable: CMAKE_EXE_LINKER_FLAGS_RELEASE
CMAKE_EXE_LINKER_FLAGS_RELEASE-ADVANCED:INTERNAL=1
//ADVANCED property for variable: CMAKE_EXE_LINKER_FLAGS_RELWITHDEBINFO
CMAKE_EXE_LINKER_FLAGS_RELWITHDEBINFO-ADVANCED:INTERNAL=1
//ADVANCED property for variable: CMAKE_EXPORT_COMPILE_COMMANDS
CMAKE_EXPORT_COMPILE_COMMANDS-ADVANCED:INTERNAL=1
//Name of external makefile project generator.
CMAKE_EXTRA_GENERATOR:INTERNAL=
//Name of generator.
CMAKE_GENERATOR:INTERNAL=Unix Makefiles
//Generator instance identifier.
CMAKE_GENERATOR_INSTANCE:INTERNAL=
//Name of generator platform.
CMAKE_GENERATOR_PLATFORM:INTERNAL=
//Name of generator toolset.
CMAKE_GENERATOR_TOOLSET:INTERNAL=
//Test CMAKE_HAVE_LIBC_PTHREAD
CMAKE_HAVE_LIBC_PTHREAD:INTERNAL=1
//Source directory with the top level CMakeLists.txt file for this
// project
CMAKE_HOME_DIRECTORY:INTERNAL=/home/ekara1/DynaPlexPrivate
//ADVANCED property for variable: CMAKE_INSTALL_BINDIR
CMAKE_INSTALL_BINDIR-ADVANCED:INTERNAL=1
//ADVANCED property for variable: CMAKE_INSTALL_DATADIR
CMAKE_INSTALL_DATADIR-ADVANCED:INTERNAL=1
//ADVANCED property for variable: CMAKE_INSTALL_DATAROOTDIR
CMAKE_INSTALL_DATAROOTDIR-ADVANCED:INTERNAL=1
//ADVANCED property for variable: CMAKE_INSTALL_DOCDIR
CMAKE_INSTALL_DOCDIR-ADVANCED:INTERNAL=1
//ADVANCED property for variable: CMAKE_INSTALL_INCLUDEDIR
CMAKE_INSTALL_INCLUDEDIR-ADVANCED:INTERNAL=1
//ADVANCED property for variable: CMAKE_INSTALL_INFODIR
CMAKE_INSTALL_INFODIR-ADVANCED:INTERNAL=1
//ADVANCED property for variable: CMAKE_INSTALL_LIBDIR
CMAKE_INSTALL_LIBDIR-ADVANCED:INTERNAL=1
//ADVANCED property for variable: CMAKE_INSTALL_LIBEXECDIR
CMAKE_INSTALL_LIBEXECDIR-ADVANCED:INTERNAL=1
//ADVANCED property for variable: CMAKE_INSTALL_LOCALEDIR
CMAKE_INSTALL_LOCALEDIR-ADVANCED:INTERNAL=1
//ADVANCED property for variable: CMAKE_INSTALL_LOCALSTATEDIR
CMAKE_INSTALL_LOCALSTATEDIR-ADVANCED:INTERNAL=1
//ADVANCED property for variable: CMAKE_INSTALL_MANDIR
CMAKE_INSTALL_MANDIR-ADVANCED:INTERNAL=1
//ADVANCED property for variable: CMAKE_INSTALL_OLDINCLUDEDIR
CMAKE_INSTALL_OLDINCLUDEDIR-ADVANCED:INTERNAL=1
//ADVANCED property for variable: CMAKE_INSTALL_RUNSTATEDIR
CMAKE_INSTALL_RUNSTATEDIR-ADVANCED:INTERNAL=1
//ADVANCED property for variable: CMAKE_INSTALL_SBINDIR
CMAKE_INSTALL_SBINDIR-ADVANCED:INTERNAL=1
//ADVANCED property for variable: CMAKE_INSTALL_SHAREDSTATEDIR
CMAKE_INSTALL_SHAREDSTATEDIR-ADVANCED:INTERNAL=1
//Install .so files without execute permission.
CMAKE_INSTALL_SO_NO_EXE:INTERNAL=0
//ADVANCED property for variable: CMAKE_INSTALL_SYSCONFDIR
CMAKE_INSTALL_SYSCONFDIR-ADVANCED:INTERNAL=1
//ADVANCED property for variable: CMAKE_LINKER
CMAKE_LINKER-ADVANCED:INTERNAL=1
//ADVANCED property for variable: CMAKE_MAKE_PROGRAM
CMAKE_MAKE_PROGRAM-ADVANCED:INTERNAL=1
//ADVANCED property for variable: CMAKE_MODULE_LINKER_FLAGS
CMAKE_MODULE_LINKER_FLAGS-ADVANCED:INTERNAL=1
//ADVANCED property for variable: CMAKE_MODULE_LINKER_FLAGS_DEBUG
CMAKE_MODULE_LINKER_FLAGS_DEBUG-ADVANCED:INTERNAL=1
//ADVANCED property for variable: CMAKE_MODULE_LINKER_FLAGS_MINSIZEREL
CMAKE_MODULE_LINKER_FLAGS_MINSIZEREL-ADVANCED:INTERNAL=1
//ADVANCED property for variable: CMAKE_MODULE_LINKER_FLAGS_RELEASE
CMAKE_MODULE_LINKER_FLAGS_RELEASE-ADVANCED:INTERNAL=1
//ADVANCED property for variable: CMAKE_MODULE_LINKER_FLAGS_RELWITHDEBINFO
CMAKE_MODULE_LINKER_FLAGS_RELWITHDEBINFO-ADVANCED:INTERNAL=1
//ADVANCED property for variable: CMAKE_NM
CMAKE_NM-ADVANCED:INTERNAL=1
//number of local generators
CMAKE_NUMBER_OF_MAKEFILES:INTERNAL=10
//ADVANCED property for variable: CMAKE_OBJCOPY
CMAKE_OBJCOPY-ADVANCED:INTERNAL=1
//ADVANCED property for variable: CMAKE_OBJDUMP
CMAKE_OBJDUMP-ADVANCED:INTERNAL=1
//Platform information initialized
CMAKE_PLATFORM_INFO_INITIALIZED:INTERNAL=1
//ADVANCED property for variable: CMAKE_RANLIB
CMAKE_RANLIB-ADVANCED:INTERNAL=1
//ADVANCED property for variable: CMAKE_READELF
CMAKE_READELF-ADVANCED:INTERNAL=1
//Path to CMake installation.
CMAKE_ROOT:INTERNAL=/gpfs/admin/_hpc/sw/arch/AMD-ZEN2/RHEL9/EB_production/2024/software/CMake/3.29.3-GCCcore-13.3.0/share/cmake-3.29
//ADVANCED property for variable: CMAKE_SHARED_LINKER_FLAGS
CMAKE_SHARED_LINKER_FLAGS-ADVANCED:INTERNAL=1
//ADVANCED property for variable: CMAKE_SHARED_LINKER_FLAGS_DEBUG
CMAKE_SHARED_LINKER_FLAGS_DEBUG-ADVANCED:INTERNAL=1
//ADVANCED property for variable: CMAKE_SHARED_LINKER_FLAGS_MINSIZEREL
CMAKE_SHARED_LINKER_FLAGS_MINSIZEREL-ADVANCED:INTERNAL=1
//ADVANCED property for variable: CMAKE_SHARED_LINKER_FLAGS_RELEASE
CMAKE_SHARED_LINKER_FLAGS_RELEASE-ADVANCED:INTERNAL=1
//ADVANCED property for variable: CMAKE_SHARED_LINKER_FLAGS_RELWITHDEBINFO
CMAKE_SHARED_LINKER_FLAGS_RELWITHDEBINFO-ADVANCED:INTERNAL=1
//ADVANCED property for variable: CMAKE_SKIP_INSTALL_RPATH
CMAKE_SKIP_INSTALL_RPATH-ADVANCED:INTERNAL=1
//ADVANCED property for variable: CMAKE_SKIP_RPATH
CMAKE_SKIP_RPATH-ADVANCED:INTERNAL=1
//ADVANCED property for variable: CMAKE_STATIC_LINKER_FLAGS
CMAKE_STATIC_LINKER_FLAGS-ADVANCED:INTERNAL=1
//ADVANCED property for variable: CMAKE_STATIC_LINKER_FLAGS_DEBUG
CMAKE_STATIC_LINKER_FLAGS_DEBUG-ADVANCED:INTERNAL=1
//ADVANCED property for variable: CMAKE_STATIC_LINKER_FLAGS_MINSIZEREL
CMAKE_STATIC_LINKER_FLAGS_MINSIZEREL-ADVANCED:INTERNAL=1
//ADVANCED property for variable: CMAKE_STATIC_LINKER_FLAGS_RELEASE
CMAKE_STATIC_LINKER_FLAGS_RELEASE-ADVANCED:INTERNAL=1
//ADVANCED property for variable: CMAKE_STATIC_LINKER_FLAGS_RELWITHDEBINFO
CMAKE_STATIC_LINKER_FLAGS_RELWITHDEBINFO-ADVANCED:INTERNAL=1
//ADVANCED property for variable: CMAKE_STRIP
CMAKE_STRIP-ADVANCED:INTERNAL=1
//ADVANCED property for variable: CMAKE_TAPI
CMAKE_TAPI-ADVANCED:INTERNAL=1
//uname command
CMAKE_UNAME:INTERNAL=/usr/bin/uname
//ADVANCED property for variable: CMAKE_VERBOSE_MAKEFILE
CMAKE_VERBOSE_MAKEFILE-ADVANCED:INTERNAL=1
//Details about finding Python
FIND_PACKAGE_MESSAGE_DETAILS_Python:INTERNAL=[/home/ekara1/anaconda3/envs/envDP/bin/python][/home/ekara1/anaconda3/envs/envDP/include/python3.11][/home/ekara1/anaconda3/envs/envDP/lib/libpython3.11.so][cfound components: Interpreter Development Development.Module Development.Embed ][v3.11.6()]
//Details about finding Threads
FIND_PACKAGE_MESSAGE_DETAILS_Threads:INTERNAL=[TRUE][v()]
//Details about finding ZLIB
FIND_PACKAGE_MESSAGE_DETAILS_ZLIB:INTERNAL=[/sw/arch/RHEL9/EB_production/2024/software/zlib/1.3.1-GCCcore-13.3.0/lib/libz.so][/sw/arch/RHEL9/EB_production/2024/software/zlib/1.3.1-GCCcore-13.3.0/include][c ][v1.3.1()]
//Gurobi is available
GUROBI_AVAILABLE:INTERNAL=TRUE
//Test HAS_FLTO
HAS_FLTO:INTERNAL=1
//Python executable during the last CMake run
PYBIND11_PYTHON_EXECUTABLE_LAST:INTERNAL=/home/ekara1/anaconda3/envs/envDP/bin/python
//Python debug status
PYTHON_IS_DEBUG:INTERNAL=0
PYTHON_MODULE_EXTENSION:INTERNAL=.cpython-311-x86_64-linux-gnu.so
//ADVANCED property for variable: ZLIB_INCLUDE_DIR
ZLIB_INCLUDE_DIR-ADVANCED:INTERNAL=1
//ADVANCED property for variable: ZLIB_LIBRARY_DEBUG
ZLIB_LIBRARY_DEBUG-ADVANCED:INTERNAL=1
//ADVANCED property for variable: ZLIB_LIBRARY_RELEASE
ZLIB_LIBRARY_RELEASE-ADVANCED:INTERNAL=1
//linker supports push/pop state
_CMAKE_LINKER_PUSHPOP_STATE_SUPPORTED:INTERNAL=TRUE
//CMAKE_INSTALL_PREFIX during last run
_GNUInstallDirs_LAST_CMAKE_INSTALL_PREFIX:INTERNAL=/usr/local
_Python:INTERNAL=Python
//Compiler reason failure
_Python_Compiler_REASON_FAILURE:INTERNAL=
_Python_DEVELOPMENT_EMBED_SIGNATURE:INTERNAL=f98c17da1e393aac49941a5ea3900e28
_Python_DEVELOPMENT_MODULE_SIGNATURE:INTERNAL=dbab4546298d91f11442a37bb19bc057
//Development reason failure
_Python_Development_REASON_FAILURE:INTERNAL=
_Python_EXECUTABLE:INTERNAL=/home/ekara1/anaconda3/envs/envDP/bin/python
//Path to a file.
_Python_INCLUDE_DIR:INTERNAL=/home/ekara1/anaconda3/envs/envDP/include/python3.11
//Python Properties
_Python_INTERPRETER_PROPERTIES:INTERNAL=Python;3;11;6;64;;cpython-311-x86_64-linux-gnu;abi3;/home/ekara1/anaconda3/envs/envDP/lib/python3.11;/home/ekara1/anaconda3/envs/envDP/lib/python3.11;/home/ekara1/anaconda3/envs/envDP/lib/python3.11/site-packages;/home/ekara1/anaconda3/envs/envDP/lib/python3.11/site-packages
_Python_INTERPRETER_SIGNATURE:INTERNAL=128963c102fdf4aba1d9cdb712af7304
//Path to a library.
_Python_LIBRARY_RELEASE:INTERNAL=/home/ekara1/anaconda3/envs/envDP/lib/libpython3.11.so
//NumPy reason failure
_Python_NumPy_REASON_FAILURE:INTERNAL=
//ADVANCED property for variable: protobuf_MODULE_COMPATIBLE
protobuf_MODULE_COMPATIBLE-ADVANCED:INTERNAL=1
//ADVANCED property for variable: protobuf_VERBOSE
protobuf_VERBOSE-ADVANCED:INTERNAL=1
//Directories where pybind11 and possibly Python headers are located
pybind11_INCLUDE_DIRS:INTERNAL=/home/ekara1/anaconda3/envs/envDP/lib/python3.11/site-packages/pybind11/include;/home/ekara1/anaconda3/envs/envDP/include/python3.11

